<?xml version="1.0" encoding="UTF-8"?>
<!-- Generated by org.testng.reporters.JUnitReportReporter -->
<testsuite hostname="DESKTOP-QUDC6GG" failures="0" tests="3" name="com.herokuapp.theinternet.uploadtests.UploadTests" time="26.031" errors="0" timestamp="05 мая 2020 13:34:06 GMT" skipped="0">
  <testcase classname="com.herokuapp.theinternet.uploadtests.UploadTests" name="fileUploadTest" time="8.385"/>
  <testcase classname="com.herokuapp.theinternet.uploadtests.UploadTests" name="fileUploadTest" time="8.625"/>
  <testcase classname="com.herokuapp.theinternet.uploadtests.UploadTests" name="fileUploadTest" time="9.021"/>
</testsuite> <!-- com.herokuapp.theinternet.uploadtests.UploadTests -->
