<?xml version="1.0" encoding="UTF-8"?>
<!-- Generated by org.testng.reporters.JUnitReportReporter -->
<testsuite hostname="DESKTOP-QUDC6GG" failures="0" tests="1" name="com.herokuapp.theinternet.editortests.EditorTests" time="22.737" errors="0" timestamp="02 мая 2020 13:03:33 GMT" skipped="0">
  <testcase classname="com.herokuapp.theinternet.editortests.EditorTests" name="defaultEditorValueTest" time="22.737"/>
</testsuite> <!-- com.herokuapp.theinternet.editortests.EditorTests -->
