<?xml version="1.0" encoding="UTF-8"?>
<!-- Generated by org.testng.reporters.JUnitReportReporter -->
<testsuite hostname="DESKTOP-QUDC6GG" failures="0" tests="3" name="com.herokuapp.theinternet.alertstests.AlertsTests" time="34.036" errors="0" timestamp="05 мая 2020 13:34:06 GMT" skipped="0">
  <testcase classname="com.herokuapp.theinternet.alertstests.AlertsTests" name="jsPromptTest" time="12.154"/>
  <testcase classname="com.herokuapp.theinternet.alertstests.AlertsTests" name="jsAlertTest" time="10.514"/>
  <testcase classname="com.herokuapp.theinternet.alertstests.AlertsTests" name="jsDismissTest" time="11.368"/>
</testsuite> <!-- com.herokuapp.theinternet.alertstests.AlertsTests -->
