<?xml version="1.0" encoding="UTF-8"?>
<!-- Generated by org.testng.reporters.JUnitReportReporter -->
<testsuite hostname="DESKTOP-QUDC6GG" failures="0" tests="2" name="com.herokuapp.theinternet.hoverstests.HoversTests" time="24.131" errors="0" timestamp="02 мая 2020 18:56:25 GMT" skipped="0">
  <testcase classname="com.herokuapp.theinternet.hoverstests.HoversTests" name="user2ProfileTest" time="11.289"/>
  <testcase classname="com.herokuapp.theinternet.hoverstests.HoversTests" name="user2ProfileTest" time="12.842"/>
</testsuite> <!-- com.herokuapp.theinternet.hoverstests.HoversTests -->
