<?xml version="1.0" encoding="UTF-8"?>
<!-- Generated by org.testng.reporters.JUnitReportReporter -->
<testsuite hostname="DESKTOP-QUDC6GG" failures="0" tests="1" name="com.herokuapp.theinternet.dropdowntests.DropdownTest" time="9.853" errors="0" timestamp="19 июн. 2020 22:43:11 GMT" skipped="0">
  <testcase classname="com.herokuapp.theinternet.dropdowntests.DropdownTest" name="optionTwoTest" time="9.853"/>
</testsuite> <!-- com.herokuapp.theinternet.dropdowntests.DropdownTest -->
