<?xml version="1.0" encoding="UTF-8"?>
<!-- Generated by org.testng.reporters.JUnitReportReporter -->
<testsuite hostname="DESKTOP-QUDC6GG" failures="0" tests="4" name="com.herokuapp.theinternet.NegativeTests" time="34.259" errors="0" timestamp="23 апр. 2020 16:29:33 GMT" skipped="0">
  <testcase classname="com.herokuapp.theinternet.NegativeTests" name="negativeTest" time="9.035"/>
  <testcase classname="com.herokuapp.theinternet.NegativeTests" name="negativeTest" time="7.582"/>
  <testcase classname="com.herokuapp.theinternet.NegativeTests" name="negativeTest" time="9.399"/>
  <testcase classname="com.herokuapp.theinternet.NegativeTests" name="negativeTest" time="8.243"/>
</testsuite> <!-- com.herokuapp.theinternet.NegativeTests -->
