<?xml version="1.0" encoding="UTF-8"?>
<!-- Generated by org.testng.reporters.JUnitReportReporter -->
<testsuite hostname="DESKTOP-QUDC6GG" failures="0" tests="1" name="com.herokuapp.theinternet.checkboxespagetests.CheckboxesTests" time="10.458" errors="0" timestamp="08 июн. 2020 17:08:47 GMT" skipped="0">
  <testcase classname="com.herokuapp.theinternet.checkboxespagetests.CheckboxesTests" name="selectingTwoCheckboxesTest" time="10.458"/>
</testsuite> <!-- com.herokuapp.theinternet.checkboxespagetests.CheckboxesTests -->
