<?xml version="1.0" encoding="UTF-8"?>
<!-- Generated by org.testng.reporters.JUnitReportReporter -->
<testsuite hostname="DESKTOP-QUDC6GG" failures="0" tests="1" name="com.herokuapp.theinternet.PositiveTests" time="9.649" errors="0" timestamp="23 апр. 2020 17:53:15 GMT" skipped="0">
  <testcase classname="com.herokuapp.theinternet.PositiveTests" name="logInTest" time="9.649"/>
</testsuite> <!-- com.herokuapp.theinternet.PositiveTests -->
