<?xml version="1.0" encoding="UTF-8"?>
<!-- Generated by org.testng.reporters.JUnitReportReporter -->
<testsuite hostname="DESKTOP-QUDC6GG" failures="0" tests="2" name="com.herokuapp.theinternet.horizontalslidertests.HorizontalSliderTests" time="25.451" errors="0" timestamp="17 мая 2020 13:47:53 GMT" skipped="0">
  <testcase classname="com.herokuapp.theinternet.horizontalslidertests.HorizontalSliderTests" name="sliderTest" time="12.152"/>
  <testcase classname="com.herokuapp.theinternet.horizontalslidertests.HorizontalSliderTests" name="sliderTest" time="13.299"/>
</testsuite> <!-- com.herokuapp.theinternet.horizontalslidertests.HorizontalSliderTests -->
