<?xml version="1.0" encoding="UTF-8"?>
<!-- Generated by org.testng.reporters.JUnitReportReporter -->
<testsuite hostname="DESKTOP-QUDC6GG" failures="0" tests="1" name="com.herokuapp.theinternet.windowstests.WindowsTests" time="13.493" errors="0" timestamp="29 апр. 2020 20:34:26 GMT" skipped="0">
  <testcase classname="com.herokuapp.theinternet.windowstests.WindowsTests" name="newWindowTest" time="13.493"/>
</testsuite> <!-- com.herokuapp.theinternet.windowstests.WindowsTests -->
