<?xml version="1.0" encoding="UTF-8"?>
<!-- Generated by org.testng.reporters.JUnitReportReporter -->
<testsuite hostname="DESKTOP-QUDC6GG" failures="0" tests="2" name="com.herokuapp.theinternet.keypressestests.KeyPressesTests" time="15.804" errors="0" timestamp="20 мая 2020 18:50:26 GMT" skipped="0">
  <testcase classname="com.herokuapp.theinternet.keypressestests.KeyPressesTests" name="pressKeyTest" time="8.077"/>
  <testcase classname="com.herokuapp.theinternet.keypressestests.KeyPressesTests" name="pressKeyWithActionsTest" time="7.727"/>
</testsuite> <!-- com.herokuapp.theinternet.keypressestests.KeyPressesTests -->
